<?xml version="1.0" encoding="UTF-8"?>
<testsuite name="hello.hellospring2.service.MemberServiceIntegrationTest" tests="2" skipped="0" failures="0" errors="0" timestamp="2022-06-11T15:48:02" hostname="NOWONJAE" time="0.868">
  <properties/>
  <testcase name="join()" classname="hello.hellospring2.service.MemberServiceIntegrationTest" time="0.852"/>
  <testcase name="중복_회원_예외()" classname="hello.hellospring2.service.MemberServiceIntegrationTest" time="0.015"/>
  <system-out><![CDATA[00:47:59.931 [Test worker] DEBUG org.springframework.test.context.BootstrapUtils - Instantiating CacheAwareContextLoaderDelegate from class [org.springframework.test.context.cache.DefaultCacheAwareContextLoaderDelegate]
00:47:59.943 [Test worker] DEBUG org.springframework.test.context.BootstrapUtils - Instantiating BootstrapContext using constructor [public org.springframework.test.context.support.DefaultBootstrapContext(java.lang.Class,org.springframework.test.context.CacheAwareContextLoaderDelegate)]
00:47:59.976 [Test worker] DEBUG org.springframework.test.context.BootstrapUtils - Instantiating TestContextBootstrapper for test class [hello.hellospring2.service.MemberServiceIntegrationTest] from class [org.springframework.boot.test.context.SpringBootTestContextBootstrapper]
00:47:59.988 [Test worker] INFO org.springframework.boot.test.context.SpringBootTestContextBootstrapper - Neither @ContextConfiguration nor @ContextHierarchy found for test class [hello.hellospring2.service.MemberServiceIntegrationTest], using SpringBootContextLoader
00:47:59.992 [Test worker] DEBUG org.springframework.test.context.support.AbstractContextLoader - Did not detect default resource location for test class [hello.hellospring2.service.MemberServiceIntegrationTest]: class path resource [hello/hellospring2/service/MemberServiceIntegrationTest-context.xml] does not exist
00:47:59.994 [Test worker] DEBUG org.springframework.test.context.support.AbstractContextLoader - Did not detect default resource location for test class [hello.hellospring2.service.MemberServiceIntegrationTest]: class path resource [hello/hellospring2/service/MemberServiceIntegrationTestContext.groovy] does not exist
00:47:59.994 [Test worker] INFO org.springframework.test.context.support.AbstractContextLoader - Could not detect default resource locations for test class [hello.hellospring2.service.MemberServiceIntegrationTest]: no resource found for suffixes {-context.xml, Context.groovy}.
00:47:59.995 [Test worker] INFO org.springframework.test.context.support.AnnotationConfigContextLoaderUtils - Could not detect default configuration classes for test class [hello.hellospring2.service.MemberServiceIntegrationTest]: MemberServiceIntegrationTest does not declare any static, non-private, non-final, nested classes annotated with @Configuration.
00:48:00.042 [Test worker] DEBUG org.springframework.test.context.support.ActiveProfilesUtils - Could not find an 'annotation declaring class' for annotation type [org.springframework.test.context.ActiveProfiles] and class [hello.hellospring2.service.MemberServiceIntegrationTest]
00:48:00.095 [Test worker] DEBUG org.springframework.context.annotation.ClassPathScanningCandidateComponentProvider - Identified candidate component class: file [C:\Users\nowonjae.JH_WJ\Desktop\study\project\Springboot\hello-spring2\build\classes\java\main\hello\hellospring2\HelloSpring2Application.class]
00:48:00.098 [Test worker] INFO org.springframework.boot.test.context.SpringBootTestContextBootstrapper - Found @SpringBootConfiguration hello.hellospring2.HelloSpring2Application for test class hello.hellospring2.service.MemberServiceIntegrationTest
00:48:00.185 [Test worker] DEBUG org.springframework.boot.test.context.SpringBootTestContextBootstrapper - @TestExecutionListeners is not present for class [hello.hellospring2.service.MemberServiceIntegrationTest]: using defaults.
00:48:00.185 [Test worker] INFO org.springframework.boot.test.context.SpringBootTestContextBootstrapper - Loaded default TestExecutionListener class names from location [META-INF/spring.factories]: [org.springframework.boot.test.autoconfigure.restdocs.RestDocsTestExecutionListener, org.springframework.boot.test.autoconfigure.web.client.MockRestServiceServerResetTestExecutionListener, org.springframework.boot.test.autoconfigure.web.servlet.MockMvcPrintOnlyOnFailureTestExecutionListener, org.springframework.boot.test.autoconfigure.web.servlet.WebDriverTestExecutionListener, org.springframework.boot.test.autoconfigure.webservices.client.MockWebServiceServerTestExecutionListener, org.springframework.boot.test.mock.mockito.MockitoTestExecutionListener, org.springframework.boot.test.mock.mockito.ResetMocksTestExecutionListener, org.springframework.test.context.web.ServletTestExecutionListener, org.springframework.test.context.support.DirtiesContextBeforeModesTestExecutionListener, org.springframework.test.context.event.ApplicationEventsTestExecutionListener, org.springframework.test.context.support.DependencyInjectionTestExecutionListener, org.springframework.test.context.support.DirtiesContextTestExecutionListener, org.springframework.test.context.transaction.TransactionalTestExecutionListener, org.springframework.test.context.jdbc.SqlScriptsTestExecutionListener, org.springframework.test.context.event.EventPublishingTestExecutionListener]
00:48:00.207 [Test worker] INFO org.springframework.boot.test.context.SpringBootTestContextBootstrapper - Using TestExecutionListeners: [org.springframework.test.context.web.ServletTestExecutionListener@72bca894, org.springframework.test.context.support.DirtiesContextBeforeModesTestExecutionListener@433ffad1, org.springframework.test.context.event.ApplicationEventsTestExecutionListener@1fc793c2, org.springframework.boot.test.mock.mockito.MockitoTestExecutionListener@2575f671, org.springframework.boot.test.autoconfigure.SpringBootDependencyInjectionTestExecutionListener@329a1243, org.springframework.test.context.support.DirtiesContextTestExecutionListener@ecf9fb3, org.springframework.test.context.transaction.TransactionalTestExecutionListener@2d35442b, org.springframework.test.context.jdbc.SqlScriptsTestExecutionListener@27f9e982, org.springframework.test.context.event.EventPublishingTestExecutionListener@4593ff34, org.springframework.boot.test.autoconfigure.restdocs.RestDocsTestExecutionListener@37d3d232, org.springframework.boot.test.autoconfigure.web.client.MockRestServiceServerResetTestExecutionListener@30c0ccff, org.springframework.boot.test.autoconfigure.web.servlet.MockMvcPrintOnlyOnFailureTestExecutionListener@581d969c, org.springframework.boot.test.autoconfigure.web.servlet.WebDriverTestExecutionListener@22db8f4, org.springframework.boot.test.autoconfigure.webservices.client.MockWebServiceServerTestExecutionListener@2b46a8c1, org.springframework.boot.test.mock.mockito.ResetMocksTestExecutionListener@1d572e62]
00:48:00.212 [Test worker] DEBUG org.springframework.test.context.support.AbstractDirtiesContextTestExecutionListener - Before test class: context [DefaultTestContext@58dea0a5 testClass = MemberServiceIntegrationTest, testInstance = [null], testMethod = [null], testException = [null], mergedContextConfiguration = [WebMergedContextConfiguration@2a2bb0eb testClass = MemberServiceIntegrationTest, locations = '{}', classes = '{class hello.hellospring2.HelloSpring2Application}', contextInitializerClasses = '[]', activeProfiles = '{}', propertySourceLocations = '{}', propertySourceProperties = '{org.springframework.boot.test.context.SpringBootTestContextBootstrapper=true}', contextCustomizers = set[org.springframework.boot.test.autoconfigure.actuate.metrics.MetricsExportContextCustomizerFactory$DisableMetricExportContextCustomizer@1a7288a3, org.springframework.boot.test.autoconfigure.properties.PropertyMappingContextCustomizer@0, org.springframework.boot.test.autoconfigure.web.servlet.WebDriverContextCustomizerFactory$Customizer@a5bd950, org.springframework.boot.test.context.filter.ExcludeFilterContextCustomizer@2bd2b28e, org.springframework.boot.test.json.DuplicateJsonObjectContextCustomizerFactory$DuplicateJsonObjectContextCustomizer@674658f7, org.springframework.boot.test.mock.mockito.MockitoContextCustomizer@0, org.springframework.boot.test.web.client.TestRestTemplateContextCustomizer@2fc0cc3, org.springframework.boot.test.context.SpringBootTestArgs@1, org.springframework.boot.test.context.SpringBootTestWebEnvironment@b86de0d], resourceBasePath = 'src/main/webapp', contextLoader = 'org.springframework.boot.test.context.SpringBootContextLoader', parent = [null]], attributes = map['org.springframework.test.context.web.ServletTestExecutionListener.activateListener' -> true]], class annotated with @DirtiesContext [false] with mode [null].

  .   ____          _            __ _ _
 /\\ / ___'_ __ _ _(_)_ __  __ _ \ \ \ \
( ( )\___ | '_ | '_| | '_ \/ _` | \ \ \ \
 \\/  ___)| |_)| | | | | || (_| |  ) ) ) )
  '  |____| .__|_| |_|_| |_\__, | / / / /
 =========|_|==============|___/=/_/_/_/
 :: Spring Boot ::                (v2.7.0)

2022-06-12 00:48:00.507  INFO 12164 --- [    Test worker] h.h.s.MemberServiceIntegrationTest       : Starting MemberServiceIntegrationTest using Java 11.0.15.1 on nowonjae with PID 12164 (started by nowonjae in C:\Users\nowonjae.JH_WJ\Desktop\study\project\Springboot\hello-spring2)
2022-06-12 00:48:00.509  INFO 12164 --- [    Test worker] h.h.s.MemberServiceIntegrationTest       : No active profile set, falling back to 1 default profile: "default"
2022-06-12 00:48:01.835  INFO 12164 --- [    Test worker] o.s.b.a.w.s.WelcomePageHandlerMapping    : Adding welcome page: class path resource [static/index.html]
2022-06-12 00:48:02.211  INFO 12164 --- [    Test worker] h.h.s.MemberServiceIntegrationTest       : Started MemberServiceIntegrationTest in 1.963 seconds (JVM running for 3.299)
2022-06-12 00:48:02.242  INFO 12164 --- [    Test worker] com.zaxxer.hikari.HikariDataSource       : HikariPool-1 - Starting...
2022-06-12 00:48:02.584  INFO 12164 --- [    Test worker] com.zaxxer.hikari.HikariDataSource       : HikariPool-1 - Start completed.
2022-06-12 00:48:02.590  INFO 12164 --- [    Test worker] o.s.t.c.transaction.TransactionContext   : Began transaction (1) for test context [DefaultTestContext@58dea0a5 testClass = MemberServiceIntegrationTest, testInstance = hello.hellospring2.service.MemberServiceIntegrationTest@36d582cb, testMethod = join@MemberServiceIntegrationTest, testException = [null], mergedContextConfiguration = [WebMergedContextConfiguration@2a2bb0eb testClass = MemberServiceIntegrationTest, locations = '{}', classes = '{class hello.hellospring2.HelloSpring2Application}', contextInitializerClasses = '[]', activeProfiles = '{}', propertySourceLocations = '{}', propertySourceProperties = '{org.springframework.boot.test.context.SpringBootTestContextBootstrapper=true}', contextCustomizers = set[org.springframework.boot.test.autoconfigure.actuate.metrics.MetricsExportContextCustomizerFactory$DisableMetricExportContextCustomizer@1a7288a3, org.springframework.boot.test.autoconfigure.properties.PropertyMappingContextCustomizer@0, org.springframework.boot.test.autoconfigure.web.servlet.WebDriverContextCustomizerFactory$Customizer@a5bd950, org.springframework.boot.test.context.filter.ExcludeFilterContextCustomizer@2bd2b28e, org.springframework.boot.test.json.DuplicateJsonObjectContextCustomizerFactory$DuplicateJsonObjectContextCustomizer@674658f7, org.springframework.boot.test.mock.mockito.MockitoContextCustomizer@0, org.springframework.boot.test.web.client.TestRestTemplateContextCustomizer@2fc0cc3, org.springframework.boot.test.context.SpringBootTestArgs@1, org.springframework.boot.test.context.SpringBootTestWebEnvironment@b86de0d], resourceBasePath = 'src/main/webapp', contextLoader = 'org.springframework.boot.test.context.SpringBootContextLoader', parent = [null]], attributes = map['org.springframework.test.context.web.ServletTestExecutionListener.activateListener' -> true, 'org.springframework.test.context.web.ServletTestExecutionListener.populatedRequestContextHolder' -> true, 'org.springframework.test.context.web.ServletTestExecutionListener.resetRequestContextHolder' -> true, 'org.springframework.test.context.event.ApplicationEventsTestExecutionListener.recordApplicationEvents' -> false]]; transaction manager [org.springframework.jdbc.support.JdbcTransactionManager@6c2a95d5]; rollback [true]
2022-06-12 00:48:03.080  INFO 12164 --- [    Test worker] o.s.t.c.transaction.TransactionContext   : Rolled back transaction for test: [DefaultTestContext@58dea0a5 testClass = MemberServiceIntegrationTest, testInstance = hello.hellospring2.service.MemberServiceIntegrationTest@36d582cb, testMethod = join@MemberServiceIntegrationTest, testException = [null], mergedContextConfiguration = [WebMergedContextConfiguration@2a2bb0eb testClass = MemberServiceIntegrationTest, locations = '{}', classes = '{class hello.hellospring2.HelloSpring2Application}', contextInitializerClasses = '[]', activeProfiles = '{}', propertySourceLocations = '{}', propertySourceProperties = '{org.springframework.boot.test.context.SpringBootTestContextBootstrapper=true}', contextCustomizers = set[org.springframework.boot.test.autoconfigure.actuate.metrics.MetricsExportContextCustomizerFactory$DisableMetricExportContextCustomizer@1a7288a3, org.springframework.boot.test.autoconfigure.properties.PropertyMappingContextCustomizer@0, org.springframework.boot.test.autoconfigure.web.servlet.WebDriverContextCustomizerFactory$Customizer@a5bd950, org.springframework.boot.test.context.filter.ExcludeFilterContextCustomizer@2bd2b28e, org.springframework.boot.test.json.DuplicateJsonObjectContextCustomizerFactory$DuplicateJsonObjectContextCustomizer@674658f7, org.springframework.boot.test.mock.mockito.MockitoContextCustomizer@0, org.springframework.boot.test.web.client.TestRestTemplateContextCustomizer@2fc0cc3, org.springframework.boot.test.context.SpringBootTestArgs@1, org.springframework.boot.test.context.SpringBootTestWebEnvironment@b86de0d], resourceBasePath = 'src/main/webapp', contextLoader = 'org.springframework.boot.test.context.SpringBootContextLoader', parent = [null]], attributes = map['org.springframework.test.context.web.ServletTestExecutionListener.activateListener' -> true, 'org.springframework.test.context.web.ServletTestExecutionListener.populatedRequestContextHolder' -> true, 'org.springframework.test.context.web.ServletTestExecutionListener.resetRequestContextHolder' -> true, 'org.springframework.test.context.event.ApplicationEventsTestExecutionListener.recordApplicationEvents' -> false]]
2022-06-12 00:48:03.087  INFO 12164 --- [    Test worker] o.s.t.c.transaction.TransactionContext   : Began transaction (1) for test context [DefaultTestContext@58dea0a5 testClass = MemberServiceIntegrationTest, testInstance = hello.hellospring2.service.MemberServiceIntegrationTest@1f9a7684, testMethod = 중복_회원_예외@MemberServiceIntegrationTest, testException = [null], mergedContextConfiguration = [WebMergedContextConfiguration@2a2bb0eb testClass = MemberServiceIntegrationTest, locations = '{}', classes = '{class hello.hellospring2.HelloSpring2Application}', contextInitializerClasses = '[]', activeProfiles = '{}', propertySourceLocations = '{}', propertySourceProperties = '{org.springframework.boot.test.context.SpringBootTestContextBootstrapper=true}', contextCustomizers = set[org.springframework.boot.test.autoconfigure.actuate.metrics.MetricsExportContextCustomizerFactory$DisableMetricExportContextCustomizer@1a7288a3, org.springframework.boot.test.autoconfigure.properties.PropertyMappingContextCustomizer@0, org.springframework.boot.test.autoconfigure.web.servlet.WebDriverContextCustomizerFactory$Customizer@a5bd950, org.springframework.boot.test.context.filter.ExcludeFilterContextCustomizer@2bd2b28e, org.springframework.boot.test.json.DuplicateJsonObjectContextCustomizerFactory$DuplicateJsonObjectContextCustomizer@674658f7, org.springframework.boot.test.mock.mockito.MockitoContextCustomizer@0, org.springframework.boot.test.web.client.TestRestTemplateContextCustomizer@2fc0cc3, org.springframework.boot.test.context.SpringBootTestArgs@1, org.springframework.boot.test.context.SpringBootTestWebEnvironment@b86de0d], resourceBasePath = 'src/main/webapp', contextLoader = 'org.springframework.boot.test.context.SpringBootContextLoader', parent = [null]], attributes = map['org.springframework.test.context.web.ServletTestExecutionListener.activateListener' -> true, 'org.springframework.test.context.web.ServletTestExecutionListener.populatedRequestContextHolder' -> true, 'org.springframework.test.context.web.ServletTestExecutionListener.resetRequestContextHolder' -> true, 'org.springframework.test.context.event.ApplicationEventsTestExecutionListener.recordApplicationEvents' -> false]]; transaction manager [org.springframework.jdbc.support.JdbcTransactionManager@6c2a95d5]; rollback [true]
2022-06-12 00:48:03.101  INFO 12164 --- [    Test worker] o.s.t.c.transaction.TransactionContext   : Rolled back transaction for test: [DefaultTestContext@58dea0a5 testClass = MemberServiceIntegrationTest, testInstance = hello.hellospring2.service.MemberServiceIntegrationTest@1f9a7684, testMethod = 중복_회원_예외@MemberServiceIntegrationTest, testException = [null], mergedContextConfiguration = [WebMergedContextConfiguration@2a2bb0eb testClass = MemberServiceIntegrationTest, locations = '{}', classes = '{class hello.hellospring2.HelloSpring2Application}', contextInitializerClasses = '[]', activeProfiles = '{}', propertySourceLocations = '{}', propertySourceProperties = '{org.springframework.boot.test.context.SpringBootTestContextBootstrapper=true}', contextCustomizers = set[org.springframework.boot.test.autoconfigure.actuate.metrics.MetricsExportContextCustomizerFactory$DisableMetricExportContextCustomizer@1a7288a3, org.springframework.boot.test.autoconfigure.properties.PropertyMappingContextCustomizer@0, org.springframework.boot.test.autoconfigure.web.servlet.WebDriverContextCustomizerFactory$Customizer@a5bd950, org.springframework.boot.test.context.filter.ExcludeFilterContextCustomizer@2bd2b28e, org.springframework.boot.test.json.DuplicateJsonObjectContextCustomizerFactory$DuplicateJsonObjectContextCustomizer@674658f7, org.springframework.boot.test.mock.mockito.MockitoContextCustomizer@0, org.springframework.boot.test.web.client.TestRestTemplateContextCustomizer@2fc0cc3, org.springframework.boot.test.context.SpringBootTestArgs@1, org.springframework.boot.test.context.SpringBootTestWebEnvironment@b86de0d], resourceBasePath = 'src/main/webapp', contextLoader = 'org.springframework.boot.test.context.SpringBootContextLoader', parent = [null]], attributes = map['org.springframework.test.context.web.ServletTestExecutionListener.activateListener' -> true, 'org.springframework.test.context.web.ServletTestExecutionListener.populatedRequestContextHolder' -> true, 'org.springframework.test.context.web.ServletTestExecutionListener.resetRequestContextHolder' -> true, 'org.springframework.test.context.event.ApplicationEventsTestExecutionListener.recordApplicationEvents' -> false]]
]]></system-out>
  <system-err><![CDATA[]]></system-err>
</testsuite>
