<?xml version="1.0" encoding="UTF-8"?>
<testsuite name="hello.hellospring2.service.MemberServiceTest" tests="1" skipped="0" failures="0" errors="0" timestamp="2022-06-04T14:20:44" hostname="NOWONJAE" time="0.069">
  <properties/>
  <testcase name="중복_회원_예외()" classname="hello.hellospring2.service.MemberServiceTest" time="0.069"/>
  <system-out><![CDATA[]]></system-out>
  <system-err><![CDATA[]]></system-err>
</testsuite>
